mkdir toetsVersiebeheer
git status
git init
git remote add origin http://github.com/mellejwz/toetsVersiebeheer
touch index.html
git add *
git commit -m "index pagina toegevoegd"
git add *
git commit -m "citaat toegevoegd"
git branch zandbak
git checkout zandbak
git add *
git commit -m "foto toegevoegd"
git checkout master
git add *
git commit -m "heading toegevoegd"
git checkout zandbak
git rebase master
git checkout master
git merge zandbak master
cd ..
mv commandos.log toetsVersiebeheer/commandos.log
git add *
git commit -m "commandolog toegevoegd"
git push origin master